<?xml version="1.0" encoding="UTF-8"?>
<testng-results skipped="6" failed="0" total="6" passed="0">
  <reporter-output>
  </reporter-output>
  <suite name="Default suite" duration-ms="1997" started-at="2019-03-25T08:32:50Z" finished-at="2019-03-25T08:32:52Z">
    <groups>
    </groups>
    <test name="Default test" duration-ms="1997" started-at="2019-03-25T08:32:50Z" finished-at="2019-03-25T08:32:52Z">
      <class name="net.fns.tcs.fns_sanity_suite">
        <test-method status="FAIL" signature="launchUrl()[pri:0, instance:net.fns.tcs.fns_sanity_suite@13a5fe33]" name="launchUrl" is-config="true" duration-ms="0" started-at="2019-03-25T14:02:50Z" finished-at="2019-03-25T14:02:50Z">
          <exception class="org.openqa.selenium.NoSuchSessionException">
            <message>
              <![CDATA[no such session
  (Driver info: chromedriver=2.25.426923 (0390b88869384d6eb0d5d09729679f934aab9eed),platform=Windows NT 10.0.15063 x86_64) (WARNING: The server did not provide any stacktrace information)
Command duration or timeout: 15 milliseconds
Build info: version: '3.0.1', revision: '1969d75', time: '2016-10-18 09:49:13 -0700'
System info: host: 'HMECL001578', ip: '192.168.43.120', os.name: 'Windows 10', os.arch: 'amd64', os.version: '10.0', java.version: '1.8.0_65'
Driver info: org.openqa.selenium.chrome.ChromeDriver
Capabilities [{message=unknown error: unrecognized Chrome version: HeadlessChrome/73.0.3683.86
  (Driver info: chromedriver=2.25.426923 (0390b88869384d6eb0d5d09729679f934aab9eed),platform=Windows NT 10.0.15063 x86_64), platform=ANY}]
Session ID: 3b4a91dc13201b6002acc877131f049d]]>
            </message>
            <full-stacktrace>
              <![CDATA[org.openqa.selenium.NoSuchSessionException: no such session
  (Driver info: chromedriver=2.25.426923 (0390b88869384d6eb0d5d09729679f934aab9eed),platform=Windows NT 10.0.15063 x86_64) (WARNING: The server did not provide any stacktrace information)
Command duration or timeout: 15 milliseconds
Build info: version: '3.0.1', revision: '1969d75', time: '2016-10-18 09:49:13 -0700'
System info: host: 'HMECL001578', ip: '192.168.43.120', os.name: 'Windows 10', os.arch: 'amd64', os.version: '10.0', java.version: '1.8.0_65'
Driver info: org.openqa.selenium.chrome.ChromeDriver
Capabilities [{message=unknown error: unrecognized Chrome version: HeadlessChrome/73.0.3683.86
  (Driver info: chromedriver=2.25.426923 (0390b88869384d6eb0d5d09729679f934aab9eed),platform=Windows NT 10.0.15063 x86_64), platform=ANY}]
Session ID: 3b4a91dc13201b6002acc877131f049d
	at sun.reflect.NativeConstructorAccessorImpl.newInstance0(Native Method)
	at sun.reflect.NativeConstructorAccessorImpl.newInstance(NativeConstructorAccessorImpl.java:62)
	at sun.reflect.DelegatingConstructorAccessorImpl.newInstance(DelegatingConstructorAccessorImpl.java:45)
	at java.lang.reflect.Constructor.newInstance(Constructor.java:422)
	at org.openqa.selenium.remote.ErrorHandler.createThrowable(ErrorHandler.java:216)
	at org.openqa.selenium.remote.ErrorHandler.throwIfResponseFailed(ErrorHandler.java:168)
	at org.openqa.selenium.remote.RemoteWebDriver.execute(RemoteWebDriver.java:635)
	at org.openqa.selenium.remote.RemoteWebDriver.execute(RemoteWebDriver.java:658)
	at org.openqa.selenium.remote.RemoteWebDriver$RemoteWebDriverOptions$RemoteWindow.maximize(RemoteWebDriver.java:882)
	at utility1.Utils.launchUrl(Utils.java:432)
	at sun.reflect.NativeMethodAccessorImpl.invoke0(Native Method)
	at sun.reflect.NativeMethodAccessorImpl.invoke(NativeMethodAccessorImpl.java:62)
	at sun.reflect.DelegatingMethodAccessorImpl.invoke(DelegatingMethodAccessorImpl.java:43)
	at java.lang.reflect.Method.invoke(Method.java:497)
	at org.testng.internal.MethodInvocationHelper.invokeMethod(MethodInvocationHelper.java:86)
	at org.testng.internal.Invoker.invokeConfigurationMethod(Invoker.java:515)
	at org.testng.internal.Invoker.invokeConfigurations(Invoker.java:216)
	at org.testng.internal.Invoker.invokeConfigurations(Invoker.java:143)
	at org.testng.internal.TestMethodWorker.invokeBeforeClassMethods(TestMethodWorker.java:178)
	at org.testng.internal.TestMethodWorker.run(TestMethodWorker.java:108)
	at org.testng.TestRunner.privateRun(TestRunner.java:778)
	at org.testng.TestRunner.run(TestRunner.java:632)
	at org.testng.SuiteRunner.runTest(SuiteRunner.java:366)
	at org.testng.SuiteRunner.runSequentially(SuiteRunner.java:361)
	at org.testng.SuiteRunner.privateRun(SuiteRunner.java:319)
	at org.testng.SuiteRunner.run(SuiteRunner.java:268)
	at org.testng.SuiteRunnerWorker.runSuite(SuiteRunnerWorker.java:52)
	at org.testng.SuiteRunnerWorker.run(SuiteRunnerWorker.java:86)
	at org.testng.TestNG.runSuitesSequentially(TestNG.java:1225)
	at org.testng.TestNG.runSuitesLocally(TestNG.java:1150)
	at org.testng.TestNG.runSuites(TestNG.java:1075)
	at org.testng.TestNG.run(TestNG.java:1047)
	at org.testng.remote.AbstractRemoteTestNG.run(AbstractRemoteTestNG.java:126)
	at org.testng.remote.RemoteTestNG.initAndRun(RemoteTestNG.java:137)
	at org.testng.remote.RemoteTestNG.main(RemoteTestNG.java:58)
]]>
            </full-stacktrace>
          </exception> <!-- org.openqa.selenium.NoSuchSessionException -->
          <reporter-output>
          </reporter-output>
        </test-method> <!-- launchUrl -->
        <test-method status="SKIP" signature="softAssert()[pri:0, instance:net.fns.tcs.fns_sanity_suite@13a5fe33]" name="softAssert" is-config="true" duration-ms="0" started-at="2019-03-25T14:02:52Z" finished-at="2019-03-25T14:02:52Z">
          <reporter-output>
          </reporter-output>
        </test-method> <!-- softAssert -->
        <test-method status="SKIP" signature="login()[pri:1, instance:net.fns.tcs.fns_sanity_suite@13a5fe33]" name="login" duration-ms="2" started-at="2019-03-25T14:02:52Z" finished-at="2019-03-25T14:02:52Z">
          <reporter-output>
          </reporter-output>
        </test-method> <!-- login -->
        <test-method status="SKIP" signature="softAssert()[pri:0, instance:net.fns.tcs.fns_sanity_suite@13a5fe33]" name="softAssert" is-config="true" duration-ms="0" started-at="2019-03-25T14:02:52Z" finished-at="2019-03-25T14:02:52Z">
          <reporter-output>
          </reporter-output>
        </test-method> <!-- softAssert -->
        <test-method status="SKIP" signature="KEresposnecheck()[pri:2, instance:net.fns.tcs.fns_sanity_suite@13a5fe33]" name="KEresposnecheck" duration-ms="2" started-at="2019-03-25T14:02:52Z" finished-at="2019-03-25T14:02:52Z">
          <reporter-output>
          </reporter-output>
        </test-method> <!-- KEresposnecheck -->
        <test-method status="SKIP" signature="softAssert()[pri:0, instance:net.fns.tcs.fns_sanity_suite@13a5fe33]" name="softAssert" is-config="true" duration-ms="0" started-at="2019-03-25T14:02:52Z" finished-at="2019-03-25T14:02:52Z">
          <reporter-output>
          </reporter-output>
        </test-method> <!-- softAssert -->
        <test-method status="SKIP" signature="Augsearchsposnecheck()[pri:3, instance:net.fns.tcs.fns_sanity_suite@13a5fe33]" name="Augsearchsposnecheck" duration-ms="2" started-at="2019-03-25T14:02:52Z" finished-at="2019-03-25T14:02:52Z">
          <reporter-output>
          </reporter-output>
        </test-method> <!-- Augsearchsposnecheck -->
        <test-method status="SKIP" signature="softAssert()[pri:0, instance:net.fns.tcs.fns_sanity_suite@13a5fe33]" name="softAssert" is-config="true" duration-ms="0" started-at="2019-03-25T14:02:52Z" finished-at="2019-03-25T14:02:52Z">
          <reporter-output>
          </reporter-output>
        </test-method> <!-- softAssert -->
        <test-method status="SKIP" signature="PDFdownloadnResearchload()[pri:4, instance:net.fns.tcs.fns_sanity_suite@13a5fe33]" name="PDFdownloadnResearchload" duration-ms="4" started-at="2019-03-25T14:02:52Z" finished-at="2019-03-25T14:02:52Z">
          <reporter-output>
          </reporter-output>
        </test-method> <!-- PDFdownloadnResearchload -->
        <test-method status="SKIP" signature="softAssert()[pri:0, instance:net.fns.tcs.fns_sanity_suite@13a5fe33]" name="softAssert" is-config="true" duration-ms="0" started-at="2019-03-25T14:02:52Z" finished-at="2019-03-25T14:02:52Z">
          <reporter-output>
          </reporter-output>
        </test-method> <!-- softAssert -->
        <test-method status="SKIP" signature="Vaultposnecheck()[pri:5, instance:net.fns.tcs.fns_sanity_suite@13a5fe33]" name="Vaultposnecheck" duration-ms="1" started-at="2019-03-25T14:02:52Z" finished-at="2019-03-25T14:02:52Z">
          <reporter-output>
          </reporter-output>
        </test-method> <!-- Vaultposnecheck -->
        <test-method status="SKIP" signature="softAssert()[pri:0, instance:net.fns.tcs.fns_sanity_suite@13a5fe33]" name="softAssert" is-config="true" duration-ms="6" started-at="2019-03-25T14:02:52Z" finished-at="2019-03-25T14:02:52Z">
          <reporter-output>
          </reporter-output>
        </test-method> <!-- softAssert -->
        <test-method status="SKIP" signature="sendemail()[pri:6, instance:net.fns.tcs.fns_sanity_suite@13a5fe33]" name="sendemail" duration-ms="1" started-at="2019-03-25T14:02:52Z" finished-at="2019-03-25T14:02:52Z">
          <reporter-output>
          </reporter-output>
        </test-method> <!-- sendemail -->
        <test-method status="SKIP" signature="destroy()[pri:0, instance:net.fns.tcs.fns_sanity_suite@13a5fe33]" name="destroy" is-config="true" duration-ms="0" started-at="2019-03-25T14:02:52Z" finished-at="2019-03-25T14:02:52Z">
          <reporter-output>
          </reporter-output>
        </test-method> <!-- destroy -->
      </class> <!-- net.fns.tcs.fns_sanity_suite -->
    </test> <!-- Default test -->
  </suite> <!-- Default suite -->
</testng-results>
